<?xml version="1.0" encoding="UTF-8"?>
<!-- Generated by org.testng.reporters.JUnitReportReporter -->
<testsuite skipped="0" hostname="Home24" name="Login.testLogin" tests="21" failures="0" timestamp="5 Nov 2016 15:57:02 GMT" time="51.410" errors="0">
  <testcase name="testInvalidLogin" time="2.375" classname="Login.testLogin"/>
  <testcase name="testInvalidLogin" time="2.509" classname="Login.testLogin"/>
  <testcase name="testInvalidLogin" time="1.119" classname="Login.testLogin"/>
  <testcase name="testInvalidLogin" time="2.468" classname="Login.testLogin"/>
  <testcase name="testInvalidLogin" time="2.410" classname="Login.testLogin"/>
  <testcase name="testInvalidLogin" time="2.434" classname="Login.testLogin"/>
  <testcase name="testInvalidLogin" time="2.499" classname="Login.testLogin"/>
  <testcase name="testInvalidLogin" time="3.599" classname="Login.testLogin"/>
  <testcase name="testInvalidLogin" time="1.955" classname="Login.testLogin"/>
  <testcase name="testInvalidLogin" time="1.202" classname="Login.testLogin"/>
  <testcase name="testInvalidLogin" time="2.347" classname="Login.testLogin"/>
  <testcase name="testInvalidLogin" time="2.768" classname="Login.testLogin"/>
  <testcase name="testInvalidLogin" time="2.421" classname="Login.testLogin"/>
  <testcase name="testInvalidLogin" time="2.425" classname="Login.testLogin"/>
  <testcase name="testValidLogin" time="5.012" classname="Login.testLogin"/>
  <testcase name="testInvalidLogin" time="1.132" classname="Login.testLogin"/>
  <testcase name="testInvalidLogin" time="2.398" classname="Login.testLogin"/>
  <testcase name="testInvalidLogin" time="2.876" classname="Login.testLogin"/>
  <testcase name="testInvalidLogin" time="2.434" classname="Login.testLogin"/>
  <testcase name="testInvalidLogin" time="2.462" classname="Login.testLogin"/>
  <testcase name="testInvalidLogin" time="2.565" classname="Login.testLogin"/>
</testsuite> <!-- Login.testLogin -->
