<?xml version="1.0" encoding="UTF-8"?>
<!-- Generated by org.testng.reporters.JUnitReportReporter -->
<testsuite skipped="0" hostname="Home24" name="Login.testLogin" tests="21" failures="0" timestamp="5 Nov 2016 18:09:01 GMT" time="49.990" errors="0">
  <testcase name="testInvalidLogin" time="2.209" classname="Login.testLogin"/>
  <testcase name="testInvalidLogin" time="2.664" classname="Login.testLogin"/>
  <testcase name="testInvalidLogin" time="1.108" classname="Login.testLogin"/>
  <testcase name="testInvalidLogin" time="2.459" classname="Login.testLogin"/>
  <testcase name="testInvalidLogin" time="2.489" classname="Login.testLogin"/>
  <testcase name="testInvalidLogin" time="2.683" classname="Login.testLogin"/>
  <testcase name="testInvalidLogin" time="2.416" classname="Login.testLogin"/>
  <testcase name="testInvalidLogin" time="2.464" classname="Login.testLogin"/>
  <testcase name="testInvalidLogin" time="2.205" classname="Login.testLogin"/>
  <testcase name="testInvalidLogin" time="1.153" classname="Login.testLogin"/>
  <testcase name="testInvalidLogin" time="2.337" classname="Login.testLogin"/>
  <testcase name="testInvalidLogin" time="2.431" classname="Login.testLogin"/>
  <testcase name="testInvalidLogin" time="2.445" classname="Login.testLogin"/>
  <testcase name="testInvalidLogin" time="2.506" classname="Login.testLogin"/>
  <testcase name="testValidLogin" time="5.161" classname="Login.testLogin"/>
  <testcase name="testInvalidLogin" time="1.122" classname="Login.testLogin"/>
  <testcase name="testInvalidLogin" time="2.402" classname="Login.testLogin"/>
  <testcase name="testInvalidLogin" time="2.397" classname="Login.testLogin"/>
  <testcase name="testInvalidLogin" time="2.630" classname="Login.testLogin"/>
  <testcase name="testInvalidLogin" time="2.367" classname="Login.testLogin"/>
  <testcase name="testInvalidLogin" time="2.342" classname="Login.testLogin"/>
</testsuite> <!-- Login.testLogin -->
